{
  "0 debug pnpm:scope": {
    "selected": 1
  },
  "1 error pnpm": {
    "shortMessage": "Command failed with exit code 1: /opt/homebrew/bin/pnpm add @modelcontextprotocol/server-sequential-thinking --global --global-dir /private/var/folders/gp/p2m_l51j0qgc59yh637vzqzw0000gn/T/dlx-440 --dir /private/var/folders/gp/p2m_l51j0qgc59yh637vzqzw0000gn/T/dlx-440",
    "command": "/opt/homebrew/bin/pnpm add @modelcontextprotocol/server-sequential-thinking --global --global-dir /private/var/folders/gp/p2m_l51j0qgc59yh637vzqzw0000gn/T/dlx-440 --dir /private/var/folders/gp/p2m_l51j0qgc59yh637vzqzw0000gn/T/dlx-440",
    "escapedCommand": "\"/opt/homebrew/bin/pnpm\" add \"@modelcontextprotocol/server-sequential-thinking\" --global --global-dir \"/private/var/folders/gp/p2m_l51j0qgc59yh637vzqzw0000gn/T/dlx-440\" --dir \"/private/var/folders/gp/p2m_l51j0qgc59yh637vzqzw0000gn/T/dlx-440\"",
    "exitCode": 1,
    "failed": true,
    "timedOut": false,
    "isCanceled": false,
    "killed": false,
    "err": {
      "name": "pnpm",
      "message": "Command failed with exit code 1: /opt/homebrew/bin/pnpm add @modelcontextprotocol/server-sequential-thinking --global --global-dir /private/var/folders/gp/p2m_l51j0qgc59yh637vzqzw0000gn/T/dlx-440 --dir /private/var/folders/gp/p2m_l51j0qgc59yh637vzqzw0000gn/T/dlx-440",
      "stack": "pnpm: Command failed with exit code 1: /opt/homebrew/bin/pnpm add @modelcontextprotocol/server-sequential-thinking --global --global-dir /private/var/folders/gp/p2m_l51j0qgc59yh637vzqzw0000gn/T/dlx-440 --dir /private/var/folders/gp/p2m_l51j0qgc59yh637vzqzw0000gn/T/dlx-440\n    at makeError (/opt/homebrew/lib/node_modules/pnpm/dist/pnpm.cjs:42410:17)\n    at handlePromise (/opt/homebrew/lib/node_modules/pnpm/dist/pnpm.cjs:42981:33)\n    at process.processTicksAndRejections (node:internal/process/task_queues:105:5)\n    at async Object.handler [as dlx] (/opt/homebrew/lib/node_modules/pnpm/dist/pnpm.cjs:175700:7)\n    at async /opt/homebrew/lib/node_modules/pnpm/dist/pnpm.cjs:180328:21\n    at async run (/opt/homebrew/lib/node_modules/pnpm/dist/pnpm.cjs:180302:34)\n    at async runPnpm (/opt/homebrew/lib/node_modules/pnpm/dist/pnpm.cjs:180513:5)\n    at async /opt/homebrew/lib/node_modules/pnpm/dist/pnpm.cjs:180505:7"
    }
  }
}